<?xml version="1.0" encoding="UTF-8"?>
<!-- Generated by org.testng.reporters.JUnitXMLReporter -->
<testsuite hostname="DESKTOP-B2220QC" ignored="0" name="Default test" tests="2" failures="0" timestamp="2022-05-26T20:37:53 IST" time="0.39" errors="0">
  <testcase name="@BeforeTest launchBrowser" time="-1.653577673025E9" classname="testPack.VerifyHeadersOfApplication">
    <failure type="org.testng.TestNGException" message="
Can inject only one of &amp;lt;ITestContext, XmlTest&amp;gt; into a @BeforeTest annotated launchBrowser.
For more information on native dependency injection please refer to https://testng.org/doc/documentation-main.html#native-dependency-injection">
      <![CDATA[org.testng.TestNGException: 
Can inject only one of <ITestContext, XmlTest> into a @BeforeTest annotated launchBrowser.
For more information on native dependency injection please refer to https://testng.org/doc/documentation-main.html#native-dependency-injection
at org.testng.internal.Parameters.checkParameterTypes(Parameters.java:437)
at org.testng.internal.Parameters.createParametersForMethod(Parameters.java:351)
at org.testng.internal.Parameters.createParameters(Parameters.java:708)
at org.testng.internal.Parameters.createConfigurationParameters(Parameters.java:166)
at org.testng.internal.ConfigInvoker.invokeConfigurations(ConfigInvoker.java:301)
at org.testng.TestRunner.invokeTestConfigurations(TestRunner.java:617)
at org.testng.TestRunner.beforeRun(TestRunner.java:607)
at org.testng.TestRunner.run(TestRunner.java:578)
at org.testng.SuiteRunner.runTest(SuiteRunner.java:384)
at org.testng.SuiteRunner.runSequentially(SuiteRunner.java:378)
at org.testng.SuiteRunner.privateRun(SuiteRunner.java:337)
at org.testng.SuiteRunner.run(SuiteRunner.java:286)
at org.testng.SuiteRunnerWorker.runSuite(SuiteRunnerWorker.java:53)
at org.testng.SuiteRunnerWorker.run(SuiteRunnerWorker.java:96)
at org.testng.TestNG.runSuitesSequentially(TestNG.java:1218)
at org.testng.TestNG.runSuitesLocally(TestNG.java:1140)
at org.testng.TestNG.runSuites(TestNG.java:1069)
at org.testng.TestNG.run(TestNG.java:1037)
at org.testng.remote.AbstractRemoteTestNG.run(AbstractRemoteTestNG.java:115)
at org.testng.remote.RemoteTestNG.initAndRun(RemoteTestNG.java:251)
at org.testng.remote.RemoteTestNG.main(RemoteTestNG.java:77)
]]>
    </failure>
  </testcase> <!-- @BeforeTest launchBrowser -->
  <testcase name="@BeforeClass creatPOMObject" time="-1.653577673169E9" classname="testPack.VerifyHeadersOfApplication">
    <skipped/>
  </testcase> <!-- @BeforeClass creatPOMObject -->
  <testcase name="@BeforeMethod loginToApplication" time="-1.653577673257E9" classname="testPack.VerifyHeadersOfApplication">
    <skipped/>
  </testcase> <!-- @BeforeMethod loginToApplication -->
  <testcase name="@AfterMethod logoutFromApplication" time="-1.653577673289E9" classname="testPack.VerifyHeadersOfApplication">
    <skipped/>
  </testcase> <!-- @AfterMethod logoutFromApplication -->
  <testcase name="@BeforeMethod loginToApplication" time="-1.6535776733E9" classname="testPack.VerifyHeadersOfApplication">
    <skipped/>
  </testcase> <!-- @BeforeMethod loginToApplication -->
  <testcase name="@AfterMethod logoutFromApplication" time="-1.653577673342E9" classname="testPack.VerifyHeadersOfApplication">
    <skipped/>
  </testcase> <!-- @AfterMethod logoutFromApplication -->
  <testcase name="@AfterClass clearObjects" time="-1.653577673353E9" classname="testPack.VerifyHeadersOfApplication">
    <skipped/>
  </testcase> <!-- @AfterClass clearObjects -->
  <testcase name="@AfterTest closedBrowser" time="-1.653577673369E9" classname="testPack.VerifyHeadersOfApplication">
    <skipped/>
  </testcase> <!-- @AfterTest closedBrowser -->
  <testcase name="verifyReportButton" time="0.0" classname="testPack.VerifyHeadersOfApplication">
    <skipped/>
  </testcase> <!-- verifyReportButton -->
  <testcase name="verifyTaskButton" time="0.0" classname="testPack.VerifyHeadersOfApplication">
    <skipped/>
  </testcase> <!-- verifyTaskButton -->
</testsuite> <!-- Default test -->
