<?xml version="1.0" encoding="UTF-8"?>
<!-- Generated by org.testng.reporters.JUnitXMLReporter -->
<testsuite hostname="DESKTOP-B2220QC" ignored="0" name="ChromeTest" tests="4" failures="0" timestamp="2022-05-26T21:08:09 IST" time="55.413" errors="0">
  <testcase name="verifyReportButton" time="6.37" classname="testPack.VerifyHeadersOfApplication"/>
  <testcase name="verifyReportButton" time="17.019" classname="testPack.TestClass2"/>
  <testcase name="verifyTaskButton" time="14.297" classname="testPack.TestClass2"/>
  <testcase name="verifyTaskButton" time="13.415" classname="testPack.VerifyHeadersOfApplication"/>
</testsuite> <!-- ChromeTest -->
