<?xml version="1.0" encoding="UTF-8"?>
<!-- Generated by org.testng.reporters.JUnitXMLReporter -->
<testsuite hostname="DESKTOP-B2220QC" ignored="0" name="Test1234" tests="6" failures="0" timestamp="2022-05-25T21:02:35 IST" time="0.208" errors="0">
  <testcase name="testC" time="0.016" classname="testPack.TestClass2"/>
  <testcase name="testD" time="0.003" classname="testPack.TestClass2"/>
  <testcase name="testE" time="0.003" classname="testPack.TestClass2"/>
  <testcase name="testA" time="0.003" classname="testPack.TestClass1"/>
  <testcase name="testB" time="0.005" classname="testPack.TestClass1"/>
  <testcase name="testF" time="0.003" classname="testPack.TestClass1"/>
</testsuite> <!-- Test1234 -->
