<?xml version="1.0" encoding="UTF-8"?>
<!-- Generated by org.testng.reporters.JUnitXMLReporter -->
<testsuite hostname="DESKTOP-B2220QC" ignored="0" name="Default test(failed)" tests="2" failures="0" timestamp="2022-05-26T21:16:54 IST" time="0.297" errors="0">
  <testcase name="@BeforeTest launchBrowser" time="-1.653580013755E9" classname="testPack.VerifyHeadersOfApplication">
    <failure type="org.testng.TestNGException" message="
Parameter &amp;apos;browser&amp;apos; is required by BeforeTest on method launchBrowser but has not been marked @Optional or defined
in C:\Users\Akash\eclipse-workspace\New folder\New folder\FacebookAutomation\test-output\testng-failed.xml">
      <![CDATA[org.testng.TestNGException: 
Parameter 'browser' is required by BeforeTest on method launchBrowser but has not been marked @Optional or defined
in C:\Users\Akash\eclipse-workspace\New folder\New folder\FacebookAutomation\test-output\testng-failed.xml
... Removed 21 stack frames]]>
    </failure>
  </testcase> <!-- @BeforeTest launchBrowser -->
  <testcase name="@BeforeClass creatPOMObject" time="-1.653580013865E9" classname="testPack.VerifyHeadersOfApplication">
    <skipped/>
  </testcase> <!-- @BeforeClass creatPOMObject -->
  <testcase name="@BeforeMethod loginToApplication" time="-1.653580013956E9" classname="testPack.VerifyHeadersOfApplication">
    <skipped/>
  </testcase> <!-- @BeforeMethod loginToApplication -->
  <testcase name="@AfterMethod logoutFromApplication" time="-1.653580013977E9" classname="testPack.VerifyHeadersOfApplication">
    <skipped/>
  </testcase> <!-- @AfterMethod logoutFromApplication -->
  <testcase name="@BeforeMethod loginToApplication" time="-1.653580013984E9" classname="testPack.VerifyHeadersOfApplication">
    <skipped/>
  </testcase> <!-- @BeforeMethod loginToApplication -->
  <testcase name="@AfterMethod logoutFromApplication" time="-1.653580013996E9" classname="testPack.VerifyHeadersOfApplication">
    <skipped/>
  </testcase> <!-- @AfterMethod logoutFromApplication -->
  <testcase name="@AfterClass clearObjects" time="-1.653580014001E9" classname="testPack.VerifyHeadersOfApplication">
    <skipped/>
  </testcase> <!-- @AfterClass clearObjects -->
  <testcase name="@AfterTest closedBrowser" time="-1.653580014013E9" classname="testPack.VerifyHeadersOfApplication">
    <skipped/>
  </testcase> <!-- @AfterTest closedBrowser -->
  <testcase name="verifyTaskButton" time="0.0" classname="testPack.VerifyHeadersOfApplication">
    <skipped/>
  </testcase> <!-- verifyTaskButton -->
  <testcase name="verifyReportButton" time="0.0" classname="testPack.VerifyHeadersOfApplication">
    <skipped/>
  </testcase> <!-- verifyReportButton -->
</testsuite> <!-- Default test(failed) -->
